Watching for file changes with StatReloader
Waiting for apps ready_event.
Apps ready_event triggered. Sending autoreload_started signal.
Watching dir C:\Users\Robo\Documents\madebyme\koulu\cyberSecurityBase23\project1\password_manager\templates with glob **/*.
Watching dir C:\Users\Robo\Documents\madebyme\koulu\cyberSecurityBase23\project1\locale with glob **/*.mo.
Watching dir C:\Users\Robo\Documents\madebyme\koulu\cyberSecurityBase23\project1\password_manager\locale with glob **/*.mo.
(0.000) 
            SELECT name, type FROM sqlite_master
            WHERE type in ('table', 'view') AND NOT name='sqlite_sequence'
            ORDER BY name; args=None; alias=default
(0.000) SELECT "django_migrations"."id", "django_migrations"."app", "django_migrations"."name", "django_migrations"."applied" FROM "django_migrations"; args=(); alias=default
File C:\Users\Robo\AppData\Local\Programs\Python\Python311\Lib\site-packages\django\views\generic\list.py first seen with mtime 1676314661.8885627
File C:\Users\Robo\AppData\Local\Programs\Python\Python311\Lib\wsgiref\handlers.py first seen with mtime 1680642250.0
File C:\Users\Robo\AppData\Local\Programs\Python\Python311\Lib\site-packages\django\contrib\auth\validators.py first seen with mtime 1676314659.1740868
File C:\Users\Robo\AppData\Local\Programs\Python\Python311\Lib\site-packages\django\utils\cache.py first seen with mtime 1676314661.8355143
File C:\Users\Robo\AppData\Local\Programs\Python\Python311\Lib\sqlite3\dbapi2.py first seen with mtime 1680642250.0
File C:\Users\Robo\AppData\Local\Programs\Python\Python311\Lib\decimal.py first seen with mtime 1680642250.0
File C:\Users\Robo\AppData\Local\Programs\Python\Python311\Lib\site-packages\sqlparse\__init__.py first seen with mtime 1676314655.4797206
File C:\Users\Robo\AppData\Local\Programs\Python\Python311\Lib\site-packages\django\db\backends\sqlite3\creation.py first seen with mtime 1676314661.563265
File C:\Users\Robo\AppData\Local\Programs\Python\Python311\Lib\site-packages\django\template\backends\__init__.py first seen with mtime 1676314661.79948
File C:\Users\Robo\AppData\Local\Programs\Python\Python311\Lib\site-packages\django\utils\safestring.py first seen with mtime 1676314661.8585355
File C:\Users\Robo\AppData\Local\Programs\Python\Python311\Lib\site-packages\django\template\defaulttags.py first seen with mtime 1676314661.7914734
File C:\Users\Robo\AppData\Local\Programs\Python\Python311\Lib\site-packages\django\db\models\constants.py first seen with mtime 1676314661.5862868
File C:\Users\Robo\AppData\Local\Programs\Python\Python311\Lib\contextlib.py first seen with mtime 1680642250.0
File C:\Users\Robo\AppData\Local\Programs\Python\Python311\Lib\site-packages\django\contrib\staticfiles\__init__.py first seen with mtime 1676314661.421136
File C:\Users\Robo\AppData\Local\Programs\Python\Python311\Lib\site-packages\django\db\models\functions\datetime.py first seen with mtime 1676314661.61231
File C:\Users\Robo\AppData\Local\Programs\Python\Python311\Lib\secrets.py first seen with mtime 1680642250.0
File C:\Users\Robo\AppData\Local\Programs\Python\Python311\Lib\site-packages\django\core\checks\urls.py first seen with mtime 1676314661.4591708
File C:\Users\Robo\Documents\madebyme\koulu\cyberSecurityBase23\project1\manage.py first seen with mtime 1683889388.1658108
File C:\Users\Robo\AppData\Local\Programs\Python\Python311\Lib\fractions.py first seen with mtime 1680642250.0
File C:\Users\Robo\AppData\Local\Programs\Python\Python311\Lib\site-packages\django\core\management\commands\runserver.py first seen with mtime 1676314661.502209
File C:\Users\Robo\AppData\Local\Programs\Python\Python311\Lib\http\cookies.py first seen with mtime 1680642250.0
File C:\Users\Robo\AppData\Local\Programs\Python\Python311\Lib\site-packages\django\contrib\admin\options.py first seen with mtime 1676314658.3613465
File C:\Users\Robo\AppData\Local\Programs\Python\Python311\Lib\site-packages\django\core\cache\__init__.py first seen with mtime 1676314661.443155
File C:\Users\Robo\AppData\Local\Programs\Python\Python311\Lib\site-packages\django\db\migrations\operations\fields.py first seen with mtime 1676314661.5802808
File C:\Users\Robo\AppData\Local\Programs\Python\Python311\Lib\site-packages\django\views\generic\detail.py first seen with mtime 1676314661.8865614
File C:\Users\Robo\AppData\Local\Programs\Python\Python311\Lib\site-packages\django\views\generic\base.py first seen with mtime 1676314661.8855608
File C:\Users\Robo\AppData\Local\Programs\Python\Python311\Lib\site-packages\django\db\models\constraints.py first seen with mtime 1676314661.5872874
File C:\Users\Robo\AppData\Local\Programs\Python\Python311\Lib\encodings\aliases.py first seen with mtime 1680642250.0
File C:\Users\Robo\AppData\Local\Programs\Python\Python311\Lib\wsgiref\headers.py first seen with mtime 1680642250.0
File C:\Users\Robo\AppData\Local\Programs\Python\Python311\Lib\site-packages\django\db\models\fields\related_descriptors.py first seen with mtime 1676314661.6083066
File C:\Users\Robo\AppData\Local\Programs\Python\Python311\Lib\asyncio\base_tasks.py first seen with mtime 1680642250.0
File C:\Users\Robo\AppData\Local\Programs\Python\Python311\Lib\asyncio\events.py first seen with mtime 1680642250.0
File C:\Users\Robo\AppData\Local\Programs\Python\Python311\Lib\site-packages\django\core\paginator.py first seen with mtime 1676314661.4391513
File C:\Users\Robo\AppData\Local\Programs\Python\Python311\DLLs\_decimal.pyd first seen with mtime 1680642276.0
File C:\Users\Robo\AppData\Local\Programs\Python\Python311\Lib\concurrent\futures\_base.py first seen with mtime 1680642250.0
File C:\Users\Robo\AppData\Local\Programs\Python\Python311\Lib\site-packages\django\contrib\auth\admin.py first seen with mtime 1676314659.160075
File C:\Users\Robo\AppData\Local\Programs\Python\Python311\Lib\site-packages\django\db\migrations\utils.py first seen with mtime 1676314661.5772784
File C:\Users\Robo\AppData\Local\Programs\Python\Python311\Lib\site-packages\django\db\models\aggregates.py first seen with mtime 1676314661.5842845
File C:\Users\Robo\AppData\Local\Programs\Python\Python311\Lib\site-packages\django\db\models\utils.py first seen with mtime 1676314661.5962949
File C:\Users\Robo\AppData\Local\Programs\Python\Python311\Lib\shutil.py first seen with mtime 1680642250.0
File C:\Users\Robo\AppData\Local\Programs\Python\Python311\Lib\site-packages\django\contrib\admin\apps.py first seen with mtime 1676314658.3543403
File C:\Users\Robo\AppData\Local\Programs\Python\Python311\Lib\site-packages\django\utils\tree.py first seen with mtime 1676314661.8645408
File C:\Users\Robo\AppData\Local\Programs\Python\Python311\Lib\site-packages\django\core\checks\registry.py first seen with mtime 1676314661.457169
File C:\Users\Robo\AppData\Local\Programs\Python\Python311\Lib\site-packages\django\db\models\fields\__init__.py first seen with mtime 1676314661.5982974
File C:\Users\Robo\AppData\Local\Programs\Python\Python311\Lib\site-packages\django\utils\version.py first seen with mtime 1676314661.8655417
File C:\Users\Robo\Documents\madebyme\koulu\cyberSecurityBase23\project1\password_manager\urls.py first seen with mtime 1685544905.6566124
File C:\Users\Robo\AppData\Local\Programs\Python\Python311\Lib\site-packages\django\views\generic\edit.py first seen with mtime 1676314661.8875616
File C:\Users\Robo\AppData\Local\Programs\Python\Python311\Lib\site-packages\django\apps\__init__.py first seen with mtime 1676314657.9619825
File C:\Users\Robo\AppData\Local\Programs\Python\Python311\Lib\site-packages\django\contrib\admin\templatetags\__init__.py first seen with mtime 1676314658.9218585
File C:\Users\Robo\AppData\Local\Programs\Python\Python311\Lib\site-packages\django\core\__init__.py first seen with mtime 1676314661.4361486
File C:\Users\Robo\AppData\Local\Programs\Python\Python311\Lib\site-packages\django\contrib\staticfiles\views.py first seen with mtime 1676314661.4291427
File C:\Users\Robo\AppData\Local\Programs\Python\Python311\Lib\site-packages\django\db\models\sql\where.py first seen with mtime 1676314661.6313274
File C:\Users\Robo\AppData\Local\Programs\Python\Python311\Lib\site-packages\django\forms\renderers.py first seen with mtime 1676314661.6723652
File C:\Users\Robo\AppData\Local\Programs\Python\Python311\Lib\site-packages\django\db\backends\base\validation.py first seen with mtime 1676314661.5332382
File C:\Users\Robo\AppData\Local\Programs\Python\Python311\Lib\types.py first seen with mtime 1680642250.0
File C:\Users\Robo\AppData\Local\Programs\Python\Python311\Lib\site-packages\django\db\migrations\migration.py first seen with mtime 1676314661.5722733
File C:\Users\Robo\AppData\Local\Programs\Python\Python311\Lib\site-packages\django\urls\conf.py first seen with mtime 1676314661.8245037
File C:\Users\Robo\AppData\Local\Programs\Python\Python311\Lib\site-packages\django\contrib\auth\management\__init__.py first seen with mtime 1676314659.377272
File C:\Users\Robo\AppData\Local\Programs\Python\Python311\Lib\site-packages\django\utils\html.py first seen with mtime 1676314661.849527
File C:\Users\Robo\AppData\Local\Programs\Python\Python311\Lib\functools.py first seen with mtime 1680642250.0
File C:\Users\Robo\AppData\Local\Programs\Python\Python311\Lib\site-packages\django\core\handlers\exception.py first seen with mtime 1676314661.4751847
File C:\Users\Robo\AppData\Local\Programs\Python\Python311\Lib\site-packages\sqlparse\engine\statement_splitter.py first seen with mtime 1676314655.491731
File C:\Users\Robo\AppData\Local\Programs\Python\Python311\Lib\site-packages\django\core\serializers\__init__.py first seen with mtime 1676314661.5122187
File C:\Users\Robo\AppData\Local\Programs\Python\Python311\Lib\site-packages\django\contrib\contenttypes\apps.py first seen with mtime 1676314659.394288
File C:\Users\Robo\AppData\Local\Programs\Python\Python311\Lib\site-packages\django\core\cache\backends\base.py first seen with mtime 1676314661.4451585
File C:\Users\Robo\AppData\Local\Programs\Python\Python311\Lib\site-packages\django\contrib\admin\utils.py first seen with mtime 1676314658.3633485
File C:\Users\Robo\AppData\Local\Programs\Python\Python311\Lib\site-packages\sqlparse\cli.py first seen with mtime 1676314655.4817219
File C:\Users\Robo\AppData\Local\Programs\Python\Python311\Lib\site-packages\sqlparse\exceptions.py first seen with mtime 1676314655.482723
File C:\Users\Robo\AppData\Local\Programs\Python\Python311\Lib\site-packages\django\contrib\staticfiles\management\commands\runserver.py first seen with mtime 1676314661.4331467
File C:\Users\Robo\AppData\Local\Programs\Python\Python311\Lib\site-packages\django\utils\dates.py first seen with mtime 1676314661.8405187
File C:\Users\Robo\AppData\Local\Programs\Python\Python311\DLLs\_bz2.pyd first seen with mtime 1680642276.0
File C:\Users\Robo\AppData\Local\Programs\Python\Python311\Lib\site-packages\django\contrib\sessions\middleware.py first seen with mtime 1676314660.97673
File C:\Users\Robo\AppData\Local\Programs\Python\Python311\Lib\site-packages\django\core\checks\security\__init__.py first seen with mtime 1676314661.461172
File C:\Users\Robo\Documents\madebyme\koulu\cyberSecurityBase23\project1\password_manager\admin.py first seen with mtime 1685026182.1809764
File C:\Users\Robo\AppData\Local\Programs\Python\Python311\Lib\site-packages\sqlparse\filters\reindent.py first seen with mtime 1676314655.4957345
File C:\Users\Robo\AppData\Local\Programs\Python\Python311\Lib\site-packages\django\db\backends\sqlite3\__init__.py first seen with mtime 1676314661.559261
File C:\Users\Robo\AppData\Local\Programs\Python\Python311\Lib\site-packages\django\utils\itercompat.py first seen with mtime 1676314661.85253
File C:\Users\Robo\AppData\Local\Programs\Python\Python311\Lib\site-packages\django\db\models\lookups.py first seen with mtime 1676314661.5912902
File C:\Users\Robo\AppData\Local\Programs\Python\Python311\Lib\copyreg.py first seen with mtime 1680642250.0
File C:\Users\Robo\AppData\Local\Programs\Python\Python311\Lib\json\encoder.py first seen with mtime 1680642250.0
File C:\Users\Robo\AppData\Local\Programs\Python\Python311\Lib\pickle.py first seen with mtime 1680642250.0
File C:\Users\Robo\AppData\Local\Programs\Python\Python311\Lib\site-packages\django\contrib\auth\middleware.py first seen with mtime 1676314659.1690824
File C:\Users\Robo\AppData\Local\Programs\Python\Python311\Lib\site-packages\django\contrib\staticfiles\checks.py first seen with mtime 1676314661.423138
File C:\Users\Robo\AppData\Local\Programs\Python\Python311\Lib\site-packages\sqlparse\engine\filter_stack.py first seen with mtime 1676314655.4897292
File C:\Users\Robo\AppData\Local\Programs\Python\Python311\Lib\difflib.py first seen with mtime 1680642250.0
File C:\Users\Robo\AppData\Local\Programs\Python\Python311\Lib\traceback.py first seen with mtime 1680642250.0
File C:\Users\Robo\AppData\Local\Programs\Python\Python311\Lib\site-packages\django\views\csrf.py first seen with mtime 1676314661.872547
File C:\Users\Robo\AppData\Local\Programs\Python\Python311\Lib\site-packages\asgiref\local.py first seen with mtime 1676314657.347422
File C:\Users\Robo\AppData\Local\Programs\Python\Python311\Lib\site-packages\django\contrib\sessions\backends\__init__.py first seen with mtime 1676314660.978732
File C:\Users\Robo\AppData\Local\Programs\Python\Python311\Lib\site-packages\django\contrib\admin\sites.py first seen with mtime 1676314658.3623474
File C:\Users\Robo\AppData\Local\Programs\Python\Python311\Lib\site-packages\asgiref\__init__.py first seen with mtime 1676314657.34542
File C:\Users\Robo\AppData\Local\Programs\Python\Python311\Lib\site-packages\django\template\context.py first seen with mtime 1676314661.7874699
File C:\Users\Robo\AppData\Local\Programs\Python\Python311\Lib\textwrap.py first seen with mtime 1680642250.0
File C:\Users\Robo\AppData\Local\Programs\Python\Python311\Lib\site-packages\django\contrib\admin\helpers.py first seen with mtime 1676314658.3593447
File C:\Users\Robo\AppData\Local\Programs\Python\Python311\Lib\site-packages\django\urls\resolvers.py first seen with mtime 1676314661.8275075
File C:\Users\Robo\AppData\Local\Programs\Python\Python311\Lib\calendar.py first seen with mtime 1680642250.0
File C:\Users\Robo\AppData\Local\Programs\Python\Python311\Lib\enum.py first seen with mtime 1680642250.0
File C:\Users\Robo\AppData\Local\Programs\Python\Python311\Lib\email\base64mime.py first seen with mtime 1680642250.0
File C:\Users\Robo\AppData\Local\Programs\Python\Python311\Lib\site-packages\django\db\models\sql\__init__.py first seen with mtime 1676314661.6193163
File C:\Users\Robo\AppData\Local\Programs\Python\Python311\Lib\site-packages\django\contrib\admin\actions.py first seen with mtime 1676314658.3533394
File C:\Users\Robo\AppData\Local\Programs\Python\Python311\Lib\site-packages\django\db\backends\__init__.py first seen with mtime 1676314661.5222275
File C:\Users\Robo\AppData\Local\Programs\Python\Python311\Lib\site-packages\django\db\models\functions\window.py first seen with mtime 1676314661.618315
File C:\Users\Robo\AppData\Local\Programs\Python\Python311\Lib\typing.py first seen with mtime 1680642250.0
File C:\Users\Robo\AppData\Local\Programs\Python\Python311\Lib\email\header.py first seen with mtime 1680642250.0
File C:\Users\Robo\AppData\Local\Programs\Python\Python311\Lib\json\__init__.py first seen with mtime 1680642250.0
File C:\Users\Robo\AppData\Local\Programs\Python\Python311\Lib\site-packages\django\forms\models.py first seen with mtime 1676314661.670362
File C:\Users\Robo\AppData\Local\Programs\Python\Python311\Lib\site-packages\django\views\decorators\debug.py first seen with mtime 1676314661.8805554
File C:\Users\Robo\AppData\Local\Programs\Python\Python311\Lib\site-packages\django\db\models\fields\files.py first seen with mtime 1676314661.5992985
File C:\Users\Robo\AppData\Local\Programs\Python\Python311\Lib\site-packages\django\db\models\sql\subqueries.py first seen with mtime 1676314661.6303265
File C:\Users\Robo\AppData\Local\Programs\Python\Python311\Lib\site-packages\django\urls\__init__.py first seen with mtime 1676314661.823503
File C:\Users\Robo\AppData\Local\Programs\Python\Python311\Lib\pkgutil.py first seen with mtime 1680642250.0
File C:\Users\Robo\AppData\Local\Programs\Python\Python311\Lib\site-packages\django\db\models\query_utils.py first seen with mtime 1676314661.595294
File C:\Users\Robo\AppData\Local\Programs\Python\Python311\Lib\site-packages\django\dispatch\__init__.py first seen with mtime 1676314661.632328
File C:\Users\Robo\AppData\Local\Programs\Python\Python311\Lib\site-packages\django\utils\_os.py first seen with mtime 1676314661.8305097
File C:\Users\Robo\AppData\Local\Programs\Python\Python311\Lib\base64.py first seen with mtime 1680642250.0
File C:\Users\Robo\AppData\Local\Programs\Python\Python311\Lib\keyword.py first seen with mtime 1680642250.0
File C:\Users\Robo\AppData\Local\Programs\Python\Python311\Lib\site-packages\django\contrib\admin\checks.py first seen with mtime 1676314658.3553412
File C:\Users\Robo\AppData\Local\Programs\Python\Python311\Lib\site-packages\django\contrib\messages\storage\__init__.py first seen with mtime 1676314660.578367
File C:\Users\Robo\AppData\Local\Programs\Python\Python311\Lib\site-packages\django\core\checks\templates.py first seen with mtime 1676314661.457169
File C:\Users\Robo\AppData\Local\Programs\Python\Python311\Lib\email\feedparser.py first seen with mtime 1680642250.0
File C:\Users\Robo\Documents\madebyme\koulu\cyberSecurityBase23\project1\mysite\urls.py first seen with mtime 1684833724.5548296
File C:\Users\Robo\AppData\Local\Programs\Python\Python311\Lib\re\_constants.py first seen with mtime 1680642250.0
File C:\Users\Robo\AppData\Local\Programs\Python\Python311\Lib\selectors.py first seen with mtime 1680642250.0
File C:\Users\Robo\AppData\Local\Programs\Python\Python311\Lib\tokenize.py first seen with mtime 1680642250.0
File C:\Users\Robo\AppData\Local\Programs\Python\Python311\Lib\site-packages\django\db\backends\sqlite3\introspection.py first seen with mtime 1676314661.5642664
File C:\Users\Robo\AppData\Local\Programs\Python\Python311\Lib\site-packages\django\utils\encoding.py first seen with mtime 1676314661.8455236
File C:\Users\Robo\AppData\Local\Programs\Python\Python311\Lib\email\_encoded_words.py first seen with mtime 1680642250.0
File C:\Users\Robo\AppData\Local\Programs\Python\Python311\Lib\site-packages\sqlparse\filters\__init__.py first seen with mtime 1676314655.492732
File C:\Users\Robo\AppData\Local\Programs\Python\Python311\Lib\site-packages\django\template\exceptions.py first seen with mtime 1676314661.7934747
File C:\Users\Robo\AppData\Local\Programs\Python\Python311\Lib\site-packages\django\db\migrations\operations\__init__.py first seen with mtime 1676314661.5792801
File C:\Users\Robo\AppData\Local\Programs\Python\Python311\Lib\site-packages\django\utils\deprecation.py first seen with mtime 1676314661.8435216
File C:\Users\Robo\AppData\Local\Programs\Python\Python311\Lib\site-packages\django\middleware\security.py first seen with mtime 1676314661.7844675
File C:\Users\Robo\AppData\Local\Programs\Python\Python311\Lib\site-packages\django\views\debug.py first seen with mtime 1676314661.873548
File C:\Users\Robo\AppData\Local\Programs\Python\Python311\Lib\mimetypes.py first seen with mtime 1680642250.0
File C:\Users\Robo\AppData\Local\Programs\Python\Python311\Lib\asyncio\base_subprocess.py first seen with mtime 1680642250.0
File C:\Users\Robo\AppData\Local\Programs\Python\Python311\DLLs\_lzma.pyd first seen with mtime 1680642276.0
File C:\Users\Robo\Documents\madebyme\koulu\cyberSecurityBase23\project1\mysite\settings.py first seen with mtime 1685552339.6272438
File C:\Users\Robo\AppData\Local\Programs\Python\Python311\Lib\site-packages\django\db\models\functions\text.py first seen with mtime 1676314661.6173148
File C:\Users\Robo\AppData\Local\Programs\Python\Python311\Lib\site-packages\django\contrib\sites\__init__.py first seen with mtime 1676314661.2019358
File C:\Users\Robo\AppData\Local\Programs\Python\Python311\Lib\asyncio\__init__.py first seen with mtime 1680642250.0
File C:\Users\Robo\AppData\Local\Programs\Python\Python311\Lib\site-packages\sqlparse\engine\grouping.py first seen with mtime 1676314655.49073
File C:\Users\Robo\Documents\madebyme\koulu\cyberSecurityBase23\project1\password_manager\models.py first seen with mtime 1685027245.2792196
File C:\Users\Robo\AppData\Local\Programs\Python\Python311\Lib\email\mime\message.py first seen with mtime 1680642250.0
File C:\Users\Robo\AppData\Local\Programs\Python\Python311\Lib\linecache.py first seen with mtime 1680642250.0
File C:\Users\Robo\AppData\Local\Programs\Python\Python311\Lib\email\contentmanager.py first seen with mtime 1680642250.0
File C:\Users\Robo\AppData\Local\Programs\Python\Python311\Lib\logging\config.py first seen with mtime 1680642250.0
File C:\Users\Robo\AppData\Local\Programs\Python\Python311\Lib\site-packages\django\template\loaders\base.py first seen with mtime 1676314661.8054857
File C:\Users\Robo\AppData\Local\Programs\Python\Python311\Lib\asyncio\subprocess.py first seen with mtime 1680642250.0
File C:\Users\Robo\AppData\Local\Programs\Python\Python311\Lib\importlib\__init__.py first seen with mtime 1680642250.0
File C:\Users\Robo\AppData\Local\Programs\Python\Python311\Lib\site-packages\django\template\smartif.py first seen with mtime 1676314661.7974782
File C:\Users\Robo\AppData\Local\Programs\Python\Python311\Lib\site-packages\sqlparse\filters\right_margin.py first seen with mtime 1676314655.4967356
File C:\Users\Robo\AppData\Local\Programs\Python\Python311\Lib\site-packages\django\db\backends\base\client.py first seen with mtime 1676314661.5262318
File C:\Users\Robo\AppData\Local\Programs\Python\Python311\Lib\site-packages\django\db\migrations\state.py first seen with mtime 1676314661.5762775
File C:\Users\Robo\AppData\Local\Programs\Python\Python311\Lib\statistics.py first seen with mtime 1680642250.0
File C:\Users\Robo\AppData\Local\Programs\Python\Python311\Lib\site-packages\django\contrib\admin\views\__init__.py first seen with mtime 1676314658.9268615
File C:\Users\Robo\AppData\Local\Programs\Python\Python311\Lib\site-packages\django\contrib\__init__.py first seen with mtime 1676314658.3513372
File C:\Users\Robo\AppData\Local\Programs\Python\Python311\Lib\site-packages\django\core\servers\basehttp.py first seen with mtime 1676314661.5182242
File C:\Users\Robo\AppData\Local\Programs\Python\Python311\Lib\site-packages\django\utils\inspect.py first seen with mtime 1676314661.850528
File C:\Users\Robo\AppData\Local\Programs\Python\Python311\Lib\encodings\__init__.py first seen with mtime 1680642250.0
File C:\Users\Robo\AppData\Local\Programs\Python\Python311\Lib\site-packages\django\contrib\auth\apps.py first seen with mtime 1676314659.1610756
File C:\Users\Robo\AppData\Local\Programs\Python\Python311\Lib\site-packages\django\conf\global_settings.py first seen with mtime 1676314657.9669864
File C:\Users\Robo\AppData\Local\Programs\Python\Python311\Lib\site-packages\django\utils\deconstruct.py first seen with mtime 1676314661.8425207
File C:\Users\Robo\AppData\Local\Programs\Python\Python311\Lib\ssl.py first seen with mtime 1680642250.0
File C:\Users\Robo\AppData\Local\Programs\Python\Python311\Lib\uuid.py first seen with mtime 1680642250.0
File C:\Users\Robo\AppData\Local\Programs\Python\Python311\Lib\zoneinfo\__init__.py first seen with mtime 1680642250.0
File C:\Users\Robo\AppData\Local\Programs\Python\Python311\Lib\site-packages\django\conf\urls\__init__.py first seen with mtime 1676314658.344331
File C:\Users\Robo\AppData\Local\Programs\Python\Python311\Lib\site-packages\django\core\files\uploadhandler.py first seen with mtime 1676314661.471181
File C:\Users\Robo\AppData\Local\Programs\Python\Python311\Lib\http\server.py first seen with mtime 1680642250.0
File C:\Users\Robo\AppData\Local\Programs\Python\Python311\Lib\urllib\response.py first seen with mtime 1680642250.0
File C:\Users\Robo\AppData\Local\Programs\Python\Python311\Lib\locale.py first seen with mtime 1680642250.0
File C:\Users\Robo\AppData\Local\Programs\Python\Python311\Lib\site-packages\django\core\management\base.py first seen with mtime 1676314661.4861946
File C:\Users\Robo\AppData\Local\Programs\Python\Python311\Lib\asyncio\trsock.py first seen with mtime 1680642250.0
File C:\Users\Robo\AppData\Local\Programs\Python\Python311\Lib\site-packages\django\core\checks\messages.py first seen with mtime 1676314661.4551673
File C:\Users\Robo\AppData\Local\Programs\Python\Python311\Lib\html\entities.py first seen with mtime 1680642250.0
File C:\Users\Robo\AppData\Local\Programs\Python\Python311\Lib\site-packages\django\contrib\contenttypes\models.py first seen with mtime 1676314659.3972905
File C:\Users\Robo\AppData\Local\Programs\Python\Python311\Lib\site-packages\django\core\serializers\python.py first seen with mtime 1676314661.5152216
File C:\Users\Robo\AppData\Local\Programs\Python\Python311\Lib\email\policy.py first seen with mtime 1680642250.0
File C:\Users\Robo\AppData\Local\Programs\Python\Python311\Lib\re\_compiler.py first seen with mtime 1680642250.0
File C:\Users\Robo\AppData\Local\Programs\Python\Python311\Lib\site-packages\django\db\models\deletion.py first seen with mtime 1676314661.5872874
File C:\Users\Robo\AppData\Local\Programs\Python\Python311\Lib\quopri.py first seen with mtime 1680642250.0
File C:\Users\Robo\AppData\Local\Programs\Python\Python311\Lib\site-packages\django\template\loader_tags.py first seen with mtime 1676314661.795477
File C:\Users\Robo\AppData\Local\Programs\Python\Python311\Lib\importlib\_abc.py first seen with mtime 1680642250.0
File C:\Users\Robo\AppData\Local\Programs\Python\Python311\Lib\logging\handlers.py first seen with mtime 1680642250.0
File C:\Users\Robo\AppData\Local\Programs\Python\Python311\Lib\pathlib.py first seen with mtime 1680642250.0
File C:\Users\Robo\AppData\Local\Programs\Python\Python311\Lib\site-packages\django\db\models\functions\__init__.py first seen with mtime 1676314661.6103086
File C:\Users\Robo\AppData\Local\Programs\Python\Python311\Lib\site-packages\django\template\loaders\app_directories.py first seen with mtime 1676314661.8054857
File C:\Users\Robo\AppData\Local\Programs\Python\Python311\Lib\datetime.py first seen with mtime 1680642250.0
File C:\Users\Robo\AppData\Local\Programs\Python\Python311\Lib\site-packages\django\template\response.py first seen with mtime 1676314661.7964776
File C:\Users\Robo\AppData\Local\Programs\Python\Python311\Lib\site-packages\django\views\__init__.py first seen with mtime 1676314661.871546
File C:\Users\Robo\AppData\Local\Programs\Python\Python311\Lib\asyncio\taskgroups.py first seen with mtime 1680642250.0
File C:\Users\Robo\AppData\Local\Programs\Python\Python311\Lib\email\_parseaddr.py first seen with mtime 1680642250.0
File C:\Users\Robo\AppData\Local\Programs\Python\Python311\Lib\email\mime\text.py first seen with mtime 1680642250.0
File C:\Users\Robo\AppData\Local\Programs\Python\Python311\Lib\site-packages\django\core\checks\__init__.py first seen with mtime 1676314661.4511633
File C:\Users\Robo\AppData\Local\Programs\Python\Python311\Lib\site-packages\django\db\migrations\__init__.py first seen with mtime 1676314661.5672684
File C:\Users\Robo\AppData\Local\Programs\Python\Python311\Lib\site-packages\django\db\models\__init__.py first seen with mtime 1676314661.583284
File C:\Users\Robo\AppData\Local\Programs\Python\Python311\Lib\asyncio\protocols.py first seen with mtime 1680642250.0
File C:\Users\Robo\AppData\Local\Programs\Python\Python311\Lib\asyncio\selector_events.py first seen with mtime 1680642250.0
File C:\Users\Robo\AppData\Local\Programs\Python\Python311\Lib\json\scanner.py first seen with mtime 1680642250.0
File C:\Users\Robo\AppData\Local\Programs\Python\Python311\Lib\asyncio\base_futures.py first seen with mtime 1680642250.0
File C:\Users\Robo\AppData\Local\Programs\Python\Python311\Lib\re\_parser.py first seen with mtime 1680642250.0
File C:\Users\Robo\AppData\Local\Programs\Python\Python311\Lib\site-packages\django\http\response.py first seen with mtime 1676314661.7764597
File C:\Users\Robo\AppData\Local\Programs\Python\Python311\Lib\multiprocessing\process.py first seen with mtime 1680642250.0
File C:\Users\Robo\AppData\Local\Programs\Python\Python311\Lib\site-packages\django\core\handlers\wsgi.py first seen with mtime 1676314661.4751847
File C:\Users\Robo\AppData\Local\Programs\Python\Python311\Lib\threading.py first seen with mtime 1680642250.0
File C:\Users\Robo\AppData\Local\Programs\Python\Python311\Lib\site-packages\django\contrib\auth\base_user.py first seen with mtime 1676314659.1630776
File C:\Users\Robo\AppData\Local\Programs\Python\Python311\Lib\concurrent\__init__.py first seen with mtime 1680642250.0
File C:\Users\Robo\AppData\Local\Programs\Python\Python311\Lib\asyncio\tasks.py first seen with mtime 1680642250.0
File C:\Users\Robo\AppData\Local\Programs\Python\Python311\Lib\operator.py first seen with mtime 1680642250.0
File C:\Users\Robo\AppData\Local\Programs\Python\Python311\Lib\platform.py first seen with mtime 1680642250.0
File C:\Users\Robo\AppData\Local\Programs\Python\Python311\Lib\site-packages\django\core\checks\security\sessions.py first seen with mtime 1676314661.4641747
File C:\Users\Robo\AppData\Local\Programs\Python\Python311\Lib\site-packages\django\forms\utils.py first seen with mtime 1676314661.673365
File C:\Users\Robo\AppData\Local\Programs\Python\Python311\Lib\site-packages\django\contrib\auth\signals.py first seen with mtime 1676314659.172085
File C:\Users\Robo\AppData\Local\Programs\Python\Python311\Lib\site-packages\django\utils\datastructures.py first seen with mtime 1676314661.8385167
File C:\Users\Robo\AppData\Local\Programs\Python\Python311\Lib\site-packages\django\contrib\sessions\exceptions.py first seen with mtime 1676314660.9757295
File C:\Users\Robo\AppData\Local\Programs\Python\Python311\DLLs\_queue.pyd first seen with mtime 1680642276.0
File C:\Users\Robo\AppData\Local\Programs\Python\Python311\Lib\site-packages\django\templatetags\i18n.py first seen with mtime 1676314661.8114924
File C:\Users\Robo\AppData\Local\Programs\Python\Python311\Lib\site-packages\django\http\cookie.py first seen with mtime 1676314661.7744582
File C:\Users\Robo\AppData\Local\Programs\Python\Python311\Lib\site-packages\django\contrib\admin\templatetags\admin_urls.py first seen with mtime 1676314658.9248598
File C:\Users\Robo\AppData\Local\Programs\Python\Python311\Lib\site-packages\django\utils\decorators.py first seen with mtime 1676314661.8435216
File C:\Users\Robo\AppData\Local\Programs\Python\Python311\Lib\site-packages\sqlparse\keywords.py first seen with mtime 1676314655.4847245
File C:\Users\Robo\AppData\Local\Programs\Python\Python311\Lib\site-packages\django\core\cache\backends\filebased.py first seen with mtime 1676314661.448161
File C:\Users\Robo\Documents\madebyme\koulu\cyberSecurityBase23\project1\password_manager\apps.py first seen with mtime 1685027156.7938461
File C:\Users\Robo\AppData\Local\Programs\Python\Python311\Lib\gettext.py first seen with mtime 1680642250.0
File C:\Users\Robo\AppData\Local\Programs\Python\Python311\Lib\zoneinfo\_tzpath.py first seen with mtime 1680642250.0
File C:\Users\Robo\AppData\Local\Programs\Python\Python311\Lib\site-packages\django\db\models\sql\datastructures.py first seen with mtime 1676314661.6213179
File C:\Users\Robo\AppData\Local\Programs\Python\Python311\Lib\asyncio\exceptions.py first seen with mtime 1680642250.0
File C:\Users\Robo\AppData\Local\Programs\Python\Python311\Lib\wsgiref\__init__.py first seen with mtime 1680642250.0
File C:\Users\Robo\AppData\Local\Programs\Python\Python311\Lib\site-packages\django\db\__init__.py first seen with mtime 1676314661.5192256
File C:\Users\Robo\AppData\Local\Programs\Python\Python311\Lib\asyncio\threads.py first seen with mtime 1680642250.0
File C:\Users\Robo\AppData\Local\Programs\Python\Python311\Lib\site-packages\django\contrib\contenttypes\management\__init__.py first seen with mtime 1676314659.5954716
File C:\Users\Robo\AppData\Local\Programs\Python\Python311\Lib\http\__init__.py first seen with mtime 1680642250.0
File C:\Users\Robo\AppData\Local\Programs\Python\Python311\Lib\site-packages\django\contrib\admin\__init__.py first seen with mtime 1676314658.3523383
File C:\Users\Robo\AppData\Local\Programs\Python\Python311\Lib\sysconfig.py first seen with mtime 1680642250.0
File C:\Users\Robo\AppData\Local\Programs\Python\Python311\Lib\asyncio\staggered.py first seen with mtime 1680642250.0
File C:\Users\Robo\AppData\Local\Programs\Python\Python311\Lib\site-packages\django\core\files\move.py first seen with mtime 1676314661.4681783
File C:\Users\Robo\AppData\Local\Programs\Python\Python311\Lib\site-packages\django\contrib\auth\backends.py first seen with mtime 1676314659.1620767
File C:\Users\Robo\AppData\Local\Programs\Python\Python311\Lib\email\mime\__init__.py first seen with mtime 1680642250.0
File C:\Users\Robo\AppData\Local\Programs\Python\Python311\Lib\ctypes\__init__.py first seen with mtime 1680642250.0
File C:\Users\Robo\AppData\Local\Programs\Python\Python311\Lib\site-packages\django\db\models\sql\query.py first seen with mtime 1676314661.6293252
File C:\Users\Robo\AppData\Local\Programs\Python\Python311\Lib\site-packages\django\db\backends\base\operations.py first seen with mtime 1676314661.5302353
File C:\Users\Robo\AppData\Local\Programs\Python\Python311\Lib\site-packages\django\utils\regex_helper.py first seen with mtime 1676314661.8585355
File C:\Users\Robo\AppData\Local\Programs\Python\Python311\Lib\site-packages\django\forms\formsets.py first seen with mtime 1676314661.6453407
File C:\Users\Robo\AppData\Local\Programs\Python\Python311\Lib\site-packages\django\db\models\fields\json.py first seen with mtime 1676314661.6002994
File C:\Users\Robo\AppData\Local\Programs\Python\Python311\Lib\site-packages\django\contrib\auth\hashers.py first seen with mtime 1676314659.1680825
File C:\Users\Robo\AppData\Local\Programs\Python\Python311\Lib\html\__init__.py first seen with mtime 1680642250.0
File C:\Users\Robo\AppData\Local\Programs\Python\Python311\Lib\lzma.py first seen with mtime 1680642250.0
File C:\Users\Robo\AppData\Local\Programs\Python\Python311\Lib\site-packages\django\views\decorators\csrf.py first seen with mtime 1676314661.8805554
File C:\Users\Robo\AppData\Local\Programs\Python\Python311\Lib\contextvars.py first seen with mtime 1680642250.0
File C:\Users\Robo\AppData\Local\Programs\Python\Python311\Lib\asyncio\format_helpers.py first seen with mtime 1680642250.0
File C:\Users\Robo\AppData\Local\Programs\Python\Python311\Lib\site-packages\django\contrib\admin\widgets.py first seen with mtime 1676314658.3643494
File C:\Users\Robo\AppData\Local\Programs\Python\Python311\Lib\site-packages\django\core\signing.py first seen with mtime 1676314661.4401524
File C:\Users\Robo\AppData\Local\Programs\Python\Python311\Lib\urllib\error.py first seen with mtime 1680642250.0
File C:\Users\Robo\AppData\Local\Programs\Python\Python311\Lib\site-packages\django\forms\fields.py first seen with mtime 1676314661.643339
File C:\Users\Robo\AppData\Local\Programs\Python\Python311\Lib\site-packages\django\urls\converters.py first seen with mtime 1676314661.8255038
File C:\Users\Robo\AppData\Local\Programs\Python\Python311\Lib\site-packages\django\dispatch\dispatcher.py first seen with mtime 1676314661.6333292
File C:\Users\Robo\AppData\Local\Programs\Python\Python311\Lib\site-packages\django\core\checks\compatibility\django_4_0.py first seen with mtime 1676314661.461172
File C:\Users\Robo\AppData\Local\Programs\Python\Python311\Lib\site-packages\django\core\validators.py first seen with mtime 1676314661.4411533
File C:\Users\Robo\AppData\Local\Programs\Python\Python311\Lib\site-packages\django\templatetags\__init__.py first seen with mtime 1676314661.8094893
File C:\Users\Robo\AppData\Local\Programs\Python\Python311\Lib\site-packages\django\middleware\csrf.py first seen with mtime 1676314661.7814643
File C:\Users\Robo\AppData\Local\Programs\Python\Python311\Lib\site-packages\django\core\handlers\asgi.py first seen with mtime 1676314661.4731834
File C:\Users\Robo\AppData\Local\Programs\Python\Python311\Lib\site-packages\django\core\files\temp.py first seen with mtime 1676314661.4691794
File C:\Users\Robo\AppData\Local\Programs\Python\Python311\Lib\site-packages\django\db\models\manager.py first seen with mtime 1676314661.5922916
File C:\Users\Robo\AppData\Local\Programs\Python\Python311\Lib\site-packages\django\contrib\sessions\base_session.py first seen with mtime 1676314660.974728
File C:\Users\Robo\AppData\Local\Programs\Python\Python311\Lib\site-packages\django\core\serializers\json.py first seen with mtime 1676314661.513219
File C:\Users\Robo\AppData\Local\Programs\Python\Python311\Lib\site-packages\django\core\wsgi.py first seen with mtime 1676314661.4421544
File C:\Users\Robo\AppData\Local\Programs\Python\Python311\Lib\site-packages\sqlparse\filters\others.py first seen with mtime 1676314655.493733
File C:\Users\Robo\AppData\Local\Programs\Python\Python311\Lib\site-packages\django\contrib\auth\decorators.py first seen with mtime 1676314659.16608
File C:\Users\Robo\AppData\Local\Programs\Python\Python311\Lib\email\utils.py first seen with mtime 1680642250.0
File C:\Users\Robo\AppData\Local\Programs\Python\Python311\Lib\site-packages\django\contrib\auth\tokens.py first seen with mtime 1676314659.173086
File C:\Users\Robo\AppData\Local\Programs\Python\Python311\Lib\site-packages\django\db\models\fields\related.py first seen with mtime 1676314661.6023014
File C:\Users\Robo\AppData\Local\Programs\Python\Python311\Lib\site-packages\sqlparse\formatter.py first seen with mtime 1676314655.4837239
File C:\Users\Robo\AppData\Local\Programs\Python\Python311\Lib\encodings\utf_8.py first seen with mtime 1680642250.0
File C:\Users\Robo\AppData\Local\Programs\Python\Python311\Lib\site-packages\django\contrib\messages\api.py first seen with mtime 1676314660.5723615
File C:\Users\Robo\AppData\Local\Programs\Python\Python311\Lib\site-packages\django\contrib\sessions\models.py first seen with mtime 1676314660.9777312
File C:\Users\Robo\AppData\Local\Programs\Python\Python311\Lib\site-packages\django\views\decorators\common.py first seen with mtime 1676314661.8795543
File C:\Users\Robo\AppData\Local\Programs\Python\Python311\Lib\site-packages\django\core\management\commands\__init__.py first seen with mtime 1676314661.4901986
File C:\Users\Robo\AppData\Local\Programs\Python\Python311\DLLs\_uuid.pyd first seen with mtime 1680642276.0
File C:\Users\Robo\AppData\Local\Programs\Python\Python311\Lib\site-packages\django\template\backends\base.py first seen with mtime 1676314661.8004808
File C:\Users\Robo\AppData\Local\Programs\Python\Python311\Lib\urllib\request.py first seen with mtime 1680642250.0
File C:\Users\Robo\AppData\Local\Programs\Python\Python311\Lib\email\_header_value_parser.py first seen with mtime 1680642250.0
File C:\Users\Robo\AppData\Local\Programs\Python\Python311\Lib\site-packages\django\contrib\messages\middleware.py first seen with mtime 1676314660.576365
File C:\Users\Robo\AppData\Local\Programs\Python\Python311\Lib\ipaddress.py first seen with mtime 1680642250.0
File C:\Users\Robo\AppData\Local\Programs\Python\Python311\Lib\site-packages\django\utils\log.py first seen with mtime 1676314661.8545313
File C:\Users\Robo\AppData\Local\Programs\Python\Python311\DLLs\unicodedata.pyd first seen with mtime 1680642276.0
File C:\Users\Robo\AppData\Local\Programs\Python\Python311\Lib\site-packages\django\apps\registry.py first seen with mtime 1676314657.9639845
File C:\Users\Robo\AppData\Local\Programs\Python\Python311\Lib\email\charset.py first seen with mtime 1680642250.0
File C:\Users\Robo\AppData\Local\Programs\Python\Python311\Lib\signal.py first seen with mtime 1680642250.0
File C:\Users\Robo\AppData\Local\Programs\Python\Python311\Lib\site-packages\django\core\signals.py first seen with mtime 1676314661.4401524
File C:\Users\Robo\AppData\Local\Programs\Python\Python311\Lib\site-packages\django\utils\crypto.py first seen with mtime 1676314661.837516
File C:\Users\Robo\AppData\Local\Programs\Python\Python311\Lib\site-packages\django\contrib\auth\models.py first seen with mtime 1676314659.1710842
File C:\Users\Robo\AppData\Local\Programs\Python\Python311\Lib\site-packages\django\utils\http.py first seen with mtime 1676314661.850528
File C:\Users\Robo\AppData\Local\Programs\Python\Python311\Lib\site-packages\django\db\models\expressions.py first seen with mtime 1676314661.5892885
File C:\Users\Robo\AppData\Local\Programs\Python\Python311\Lib\site-packages\django\core\files\locks.py first seen with mtime 1676314661.4671776
File C:\Users\Robo\AppData\Local\Programs\Python\Python311\Lib\site-packages\django\middleware\common.py first seen with mtime 1676314661.7804632
File C:\Users\Robo\AppData\Local\Programs\Python\Python311\Lib\site-packages\django\utils\module_loading.py first seen with mtime 1676314661.8565338
File C:\Users\Robo\AppData\Local\Programs\Python\Python311\Lib\hmac.py first seen with mtime 1680642250.0
File C:\Users\Robo\AppData\Local\Programs\Python\Python311\Lib\asyncio\proactor_events.py first seen with mtime 1680642250.0
File C:\Users\Robo\AppData\Local\Programs\Python\Python311\Lib\socket.py first seen with mtime 1680642250.0
File C:\Users\Robo\AppData\Local\Programs\Python\Python311\Lib\site-packages\django\template\utils.py first seen with mtime 1676314661.798479
File C:\Users\Robo\AppData\Local\Programs\Python\Python311\Lib\argparse.py first seen with mtime 1680642250.0
File C:\Users\Robo\AppData\Local\Programs\Python\Python311\Lib\site-packages\sqlparse\tokens.py first seen with mtime 1676314655.4877279
File C:\Users\Robo\AppData\Local\Programs\Python\Python311\Lib\site-packages\django\utils\lorem_ipsum.py first seen with mtime 1676314661.8555326
File C:\Users\Robo\AppData\Local\Programs\Python\Python311\Lib\site-packages\django\utils\asyncio.py first seen with mtime 1676314661.8325112
File C:\Users\Robo\AppData\Local\Programs\Python\Python311\Lib\site-packages\django\utils\translation\reloader.py first seen with mtime 1676314661.868544
File C:\Users\Robo\AppData\Local\Programs\Python\Python311\Lib\site-packages\django\contrib\contenttypes\views.py first seen with mtime 1676314659.3982909
File C:\Users\Robo\AppData\Local\Programs\Python\Python311\Lib\site-packages\django\http\request.py first seen with mtime 1676314661.7754593
File C:\Users\Robo\AppData\Local\Programs\Python\Python311\Lib\site-packages\django\core\exceptions.py first seen with mtime 1676314661.4381506
File C:\Users\Robo\AppData\Local\Programs\Python\Python311\Lib\re\_casefix.py first seen with mtime 1680642250.0
File C:\Users\Robo\AppData\Local\Programs\Python\Python311\Lib\asyncio\transports.py first seen with mtime 1680642250.0
File C:\Users\Robo\AppData\Local\Programs\Python\Python311\Lib\email\quoprimime.py first seen with mtime 1680642250.0
File C:\Users\Robo\AppData\Local\Programs\Python\Python311\Lib\glob.py first seen with mtime 1680642250.0
File C:\Users\Robo\AppData\Local\Programs\Python\Python311\Lib\asyncio\sslproto.py first seen with mtime 1680642250.0
File C:\Users\Robo\AppData\Local\Programs\Python\Python311\Lib\site-packages\asgiref\sync.py first seen with mtime 1676314657.350424
File C:\Users\Robo\AppData\Local\Programs\Python\Python311\Lib\asyncio\locks.py first seen with mtime 1680642250.0
File C:\Users\Robo\AppData\Local\Programs\Python\Python311\DLLs\_ssl.pyd first seen with mtime 1680642276.0
File C:\Users\Robo\AppData\Local\Programs\Python\Python311\Lib\site-packages\django\forms\forms.py first seen with mtime 1676314661.64434
File C:\Users\Robo\AppData\Local\Programs\Python\Python311\Lib\site-packages\django\contrib\admin\views\autocomplete.py first seen with mtime 1676314658.9278626
File C:\Users\Robo\AppData\Local\Programs\Python\Python311\Lib\site-packages\django\views\generic\__init__.py first seen with mtime 1676314661.884559
File C:\Users\Robo\AppData\Local\Programs\Python\Python311\Lib\multiprocessing\__init__.py first seen with mtime 1680642250.0
File C:\Users\Robo\AppData\Local\Programs\Python\Python311\Lib\sqlite3\__init__.py first seen with mtime 1680642250.0
File C:\Users\Robo\AppData\Local\Programs\Python\Python311\Lib\site-packages\django\db\backends\base\schema.py first seen with mtime 1676314661.5312362
File C:\Users\Robo\AppData\Local\Programs\Python\Python311\Lib\site-packages\django\contrib\contenttypes\fields.py first seen with mtime 1676314659.3952887
File C:\Users\Robo\AppData\Local\Programs\Python\Python311\Lib\site-packages\django\db\models\fields\related_lookups.py first seen with mtime 1676314661.6093075
File C:\Users\Robo\AppData\Local\Programs\Python\Python311\Lib\site-packages\django\contrib\admin\templatetags\base.py first seen with mtime 1676314658.9248598
File C:\Users\Robo\AppData\Local\Programs\Python\Python311\Lib\site-packages\django\db\models\functions\math.py first seen with mtime 1676314661.613311
File C:\Users\Robo\AppData\Local\Programs\Python\Python311\Lib\ast.py first seen with mtime 1680642250.0
File C:\Users\Robo\AppData\Local\Programs\Python\Python311\Lib\site-packages\django\db\backends\base\base.py first seen with mtime 1676314661.5262318
File C:\Users\Robo\AppData\Local\Programs\Python\Python311\Lib\site-packages\django\db\models\functions\comparison.py first seen with mtime 1676314661.611309
File C:\Users\Robo\AppData\Local\Programs\Python\Python311\Lib\site-packages\django\contrib\auth\mixins.py first seen with mtime 1676314659.1700828
File C:\Users\Robo\AppData\Local\Programs\Python\Python311\Lib\site-packages\django\templatetags\cache.py first seen with mtime 1676314661.8104904
File C:\Users\Robo\AppData\Local\Programs\Python\Python311\Lib\site-packages\django\views\i18n.py first seen with mtime 1676314661.875551
File C:\Users\Robo\AppData\Local\Programs\Python\Python311\Lib\asyncio\queues.py first seen with mtime 1680642250.0
File C:\Users\Robo\AppData\Local\Programs\Python\Python311\Lib\site-packages\django\contrib\staticfiles\management\commands\__init__.py first seen with mtime 1676314661.430143
File C:\Users\Robo\AppData\Local\Programs\Python\Python311\Lib\site-packages\django\templatetags\static.py first seen with mtime 1676314661.8134937
File C:\Users\Robo\AppData\Local\Programs\Python\Python311\Lib\site-packages\django\contrib\contenttypes\checks.py first seen with mtime 1676314659.394288
File C:\Users\Robo\AppData\Local\Programs\Python\Python311\Lib\site-packages\django\shortcuts.py first seen with mtime 1676314657.9609814
File C:\Users\Robo\AppData\Local\Programs\Python\Python311\Lib\dis.py first seen with mtime 1680642250.0
File C:\Users\Robo\AppData\Local\Programs\Python\Python311\Lib\site-packages\django\contrib\sessions\apps.py first seen with mtime 1676314660.9737284
File C:\Users\Robo\AppData\Local\Programs\Python\Python311\Lib\site-packages\django\core\checks\database.py first seen with mtime 1676314661.4541664
File C:\Users\Robo\AppData\Local\Programs\Python\Python311\Lib\site-packages\django\template\base.py first seen with mtime 1676314661.7874699
File C:\Users\Robo\AppData\Local\Programs\Python\Python311\Lib\asyncio\futures.py first seen with mtime 1680642250.0
File C:\Users\Robo\AppData\Local\Programs\Python\Python311\Lib\site-packages\django\core\serializers\base.py first seen with mtime 1676314661.513219
File C:\Users\Robo\AppData\Local\Programs\Python\Python311\Lib\site-packages\django\db\backends\sqlite3\schema.py first seen with mtime 1676314661.566269
File C:\Users\Robo\AppData\Local\Programs\Python\Python311\Lib\collections\abc.py first seen with mtime 1680642250.0
File C:\Users\Robo\AppData\Local\Programs\Python\Python311\Lib\site-packages\django\views\decorators\__init__.py first seen with mtime 1676314661.8765514
File C:\Users\Robo\AppData\Local\Programs\Python\Python311\Lib\site-packages\django\db\backends\base\features.py first seen with mtime 1676314661.5282333
File C:\Users\Robo\AppData\Local\Programs\Python\Python311\Lib\concurrent\futures\__init__.py first seen with mtime 1680642250.0
File C:\Users\Robo\AppData\Local\Programs\Python\Python311\Lib\site-packages\django\db\backends\signals.py first seen with mtime 1676314661.5232294
File C:\Users\Robo\AppData\Local\Programs\Python\Python311\Lib\asyncio\windows_utils.py first seen with mtime 1680642250.0
File C:\Users\Robo\AppData\Local\Programs\Python\Python311\Lib\site-packages\_distutils_hack\__init__.py first seen with mtime 1667068384.6129775
File C:\Users\Robo\AppData\Local\Programs\Python\Python311\Lib\site-packages\django\utils\duration.py first seen with mtime 1676314661.8445225
File C:\Users\Robo\AppData\Local\Programs\Python\Python311\Lib\site-packages\django\contrib\admin\templatetags\admin_modify.py first seen with mtime 1676314658.923859
File C:\Users\Robo\AppData\Local\Programs\Python\Python311\Lib\site-packages\django\templatetags\tz.py first seen with mtime 1676314661.8144946
File C:\Users\Robo\AppData\Local\Programs\Python\Python311\Lib\site-packages\django\contrib\staticfiles\handlers.py first seen with mtime 1676314661.4251394
File C:\Users\Robo\AppData\Local\Programs\Python\Python311\Lib\site-packages\django\utils\ipv6.py first seen with mtime 1676314661.85253
File C:\Users\Robo\AppData\Local\Programs\Python\Python311\Lib\site-packages\django\utils\hashable.py first seen with mtime 1676314661.848526
File C:\Users\Robo\AppData\Local\Programs\Python\Python311\Lib\re\__init__.py first seen with mtime 1680642250.0
File C:\Users\Robo\AppData\Local\Programs\Python\Python311\Lib\email\message.py first seen with mtime 1680642250.0
File C:\Users\Robo\AppData\Local\Programs\Python\Python311\Lib\site-packages\django\core\files\utils.py first seen with mtime 1676314661.4721825
File C:\Users\Robo\AppData\Local\Programs\Python\Python311\Lib\wsgiref\util.py first seen with mtime 1680642250.0
File C:\Users\Robo\AppData\Local\Programs\Python\Python311\Lib\site-packages\django\core\cache\backends\__init__.py first seen with mtime 1676314661.444156
File C:\Users\Robo\AppData\Local\Programs\Python\Python311\Lib\site-packages\django\middleware\__init__.py first seen with mtime 1676314661.7774608
File C:\Users\Robo\AppData\Local\Programs\Python\Python311\Lib\string.py first seen with mtime 1680642250.0
File C:\Users\Robo\AppData\Local\Programs\Python\Python311\Lib\site-packages\django\template\defaultfilters.py first seen with mtime 1676314661.790473
File C:\Users\Robo\AppData\Local\Programs\Python\Python311\Lib\site-packages\django\db\backends\ddl_references.py first seen with mtime 1676314661.5222275
File C:\Users\Robo\AppData\Local\Programs\Python\Python311\Lib\site-packages\django\db\backends\base\creation.py first seen with mtime 1676314661.527232
File C:\Users\Robo\AppData\Local\Programs\Python\Python311\Lib\site-packages\django\apps\config.py first seen with mtime 1676314657.962983
File C:\Users\Robo\AppData\Local\Programs\Python\Python311\Lib\site-packages\django\contrib\messages\apps.py first seen with mtime 1676314660.5733624
File C:\Users\Robo\AppData\Local\Programs\Python\Python311\Lib\site-packages\asgiref\current_thread_executor.py first seen with mtime 1676314657.347422
File C:\Users\Robo\AppData\Local\Programs\Python\Python311\Lib\site-packages\django\template\engine.py first seen with mtime 1676314661.7924747
File C:\Users\Robo\AppData\Local\Programs\Python\Python311\Lib\site-packages\django\urls\exceptions.py first seen with mtime 1676314661.8265061
File C:\Users\Robo\AppData\Local\Programs\Python\Python311\Lib\site-packages\django\forms\__init__.py first seen with mtime 1676314661.641337
File C:\Users\Robo\AppData\Local\Programs\Python\Python311\Lib\site-packages\django\utils\formats.py first seen with mtime 1676314661.8465245
File C:\Users\Robo\AppData\Local\Programs\Python\Python311\Lib\site-packages\django\__init__.py first seen with mtime 1676314657.9599805
File C:\Users\Robo\AppData\Local\Programs\Python\Python311\Lib\site-packages\django\templatetags\l10n.py first seen with mtime 1676314661.8124928
File C:\Users\Robo\AppData\Local\Programs\Python\Python311\Lib\site-packages\django\contrib\sessions\backends\base.py first seen with mtime 1676314660.9797332
File C:\Users\Robo\AppData\Local\Programs\Python\Python311\Lib\site-packages\django\contrib\admin\filters.py first seen with mtime 1676314658.357343
File C:\Users\Robo\AppData\Local\Programs\Python\Python311\Lib\site-packages\django\db\backends\sqlite3\client.py first seen with mtime 1676314661.562265
File C:\Users\Robo\AppData\Local\Programs\Python\Python311\DLLs\_asyncio.pyd first seen with mtime 1680642276.0
File C:\Users\Robo\AppData\Local\Programs\Python\Python311\Lib\site-packages\django\core\checks\translation.py first seen with mtime 1676314661.45817
File C:\Users\Robo\AppData\Local\Programs\Python\Python311\Lib\site-packages\django\forms\boundfield.py first seen with mtime 1676314661.6423378
File C:\Users\Robo\AppData\Local\Programs\Python\Python311\Lib\site-packages\django\db\models\options.py first seen with mtime 1676314661.5932922
File C:\Users\Robo\AppData\Local\Programs\Python\Python311\Lib\socketserver.py first seen with mtime 1680642250.0
File C:\Users\Robo\AppData\Local\Programs\Python\Python311\Lib\site-packages\django\utils\translation\__init__.py first seen with mtime 1676314661.8675432
File C:\Users\Robo\AppData\Local\Programs\Python\Python311\Lib\concurrent\futures\thread.py first seen with mtime 1680642250.0
File C:\Users\Robo\AppData\Local\Programs\Python\Python311\Lib\site-packages\django\db\models\enums.py first seen with mtime 1676314661.5882885
File C:\Users\Robo\AppData\Local\Programs\Python\Python311\Lib\fnmatch.py first seen with mtime 1680642250.0
File C:\Users\Robo\AppData\Local\Programs\Python\Python311\Lib\site-packages\django\contrib\contenttypes\forms.py first seen with mtime 1676314659.3962898
File C:\Users\Robo\AppData\Local\Programs\Python\Python311\Lib\subprocess.py first seen with mtime 1680642250.0
File C:\Users\Robo\AppData\Local\Programs\Python\Python311\DLLs\_sqlite3.pyd first seen with mtime 1680642276.0
File C:\Users\Robo\AppData\Local\Programs\Python\Python311\Lib\asyncio\runners.py first seen with mtime 1680642250.0
File C:\Users\Robo\AppData\Local\Programs\Python\Python311\Lib\site-packages\django\contrib\staticfiles\finders.py first seen with mtime 1676314661.4241385
File C:\Users\Robo\AppData\Local\Programs\Python\Python311\Lib\site-packages\django\contrib\staticfiles\apps.py first seen with mtime 1676314661.422137
File C:\Users\Robo\AppData\Local\Programs\Python\Python311\Lib\site-packages\django\utils\topological_sort.py first seen with mtime 1676314661.86354
File C:\Users\Robo\AppData\Local\Programs\Python\Python311\Lib\site-packages\django\forms\widgets.py first seen with mtime 1676314661.6743662
File C:\Users\Robo\AppData\Local\Programs\Python\Python311\Lib\asyncio\base_events.py first seen with mtime 1680642250.0
File C:\Users\Robo\AppData\Local\Programs\Python\Python311\Lib\site-packages\django\core\mail\utils.py first seen with mtime 1676314661.4781878
File C:\Users\Robo\AppData\Local\Programs\Python\Python311\Lib\site-packages\django\db\backends\sqlite3\_functions.py first seen with mtime 1676314661.5602632
File C:\Users\Robo\AppData\Local\Programs\Python\Python311\Lib\ctypes\_endian.py first seen with mtime 1680642250.0
File C:\Users\Robo\AppData\Local\Programs\Python\Python311\Lib\site-packages\django\urls\base.py first seen with mtime 1676314661.823503
File C:\Users\Robo\AppData\Local\Programs\Python\Python311\Lib\site-packages\django\core\servers\__init__.py first seen with mtime 1676314661.5172224
File C:\Users\Robo\AppData\Local\Programs\Python\Python311\Lib\heapq.py first seen with mtime 1680642250.0
File C:\Users\Robo\AppData\Local\Programs\Python\Python311\Lib\site-packages\django\contrib\messages\utils.py first seen with mtime 1676314660.576365
File C:\Users\Robo\AppData\Local\Programs\Python\Python311\Lib\site-packages\django\db\models\fields\mixins.py first seen with mtime 1676314661.6002994
File C:\Users\Robo\AppData\Local\Programs\Python\Python311\Lib\html\parser.py first seen with mtime 1680642250.0
File C:\Users\Robo\AppData\Local\Programs\Python\Python311\Lib\site-packages\django\contrib\auth\password_validation.py first seen with mtime 1676314659.1710842
File C:\Users\Robo\AppData\Local\Programs\Python\Python311\Lib\site-packages\sqlparse\filters\aligned_indent.py first seen with mtime 1676314655.493733
File C:\Users\Robo\AppData\Local\Programs\Python\Python311\Lib\tempfile.py first seen with mtime 1680642250.0
File C:\Users\Robo\AppData\Local\Programs\Python\Python311\Lib\asyncio\streams.py first seen with mtime 1680642250.0
File C:\Users\Robo\AppData\Local\Programs\Python\Python311\Lib\copy.py first seen with mtime 1680642250.0
File C:\Users\Robo\AppData\Local\Programs\Python\Python311\Lib\site-packages\django\core\files\base.py first seen with mtime 1676314661.4651756
File C:\Users\Robo\AppData\Local\Programs\Python\Python311\Lib\site-packages\django\utils\dateparse.py first seen with mtime 1676314661.8395178
File C:\Users\Robo\AppData\Local\Programs\Python\Python311\Lib\weakref.py first seen with mtime 1680642250.0
File C:\Users\Robo\AppData\Local\Programs\Python\Python311\DLLs\_overlapped.pyd first seen with mtime 1680642276.0
File C:\Users\Robo\AppData\Local\Programs\Python\Python311\Lib\site-packages\django\contrib\messages\storage\base.py first seen with mtime 1676314660.5793679
File C:\Users\Robo\AppData\Local\Programs\Python\Python311\Lib\asyncio\windows_events.py first seen with mtime 1680642250.0
File C:\Users\Robo\AppData\Local\Programs\Python\Python311\Lib\site-packages\django\contrib\auth\views.py first seen with mtime 1676314659.1750877
File C:\Users\Robo\AppData\Local\Programs\Python\Python311\Lib\site-packages\sqlparse\utils.py first seen with mtime 1676314655.488728
File C:\Users\Robo\AppData\Local\Programs\Python\Python311\Lib\site-packages\django\db\transaction.py first seen with mtime 1676314661.520226
File C:\Users\Robo\AppData\Local\Programs\Python\Python311\DLLs\select.pyd first seen with mtime 1680642276.0
File C:\Users\Robo\AppData\Local\Programs\Python\Python311\Lib\ctypes\wintypes.py first seen with mtime 1680642250.0
File C:\Users\Robo\AppData\Local\Programs\Python\Python311\Lib\site-packages\django\template\loaders\cached.py first seen with mtime 1676314661.8064866
File C:\Users\Robo\Documents\madebyme\koulu\cyberSecurityBase23\project1\password_manager\__init__.py first seen with mtime 1684510410.805293
File C:\Users\Robo\AppData\Local\Programs\Python\Python311\Lib\email\parser.py first seen with mtime 1680642250.0
File C:\Users\Robo\AppData\Local\Programs\Python\Python311\Lib\site-packages\django\contrib\admin\templatetags\log.py first seen with mtime 1676314658.925861
File C:\Users\Robo\AppData\Local\Programs\Python\Python311\Lib\email\iterators.py first seen with mtime 1680642250.0
File C:\Users\Robo\AppData\Local\Programs\Python\Python311\Lib\logging\__init__.py first seen with mtime 1680642250.0
File C:\Users\Robo\AppData\Local\Programs\Python\Python311\Lib\site-packages\django\db\migrations\operations\base.py first seen with mtime 1676314661.5802808
File C:\Users\Robo\AppData\Local\Programs\Python\Python311\Lib\site-packages\django\core\management\color.py first seen with mtime 1676314661.4871957
File C:\Users\Robo\AppData\Local\Programs\Python\Python311\Lib\site-packages\django\conf\__init__.py first seen with mtime 1676314657.9649844
File C:\Users\Robo\AppData\Local\Programs\Python\Python311\Lib\token.py first seen with mtime 1680642250.0
File C:\Users\Robo\AppData\Local\Programs\Python\Python311\Lib\site-packages\django\contrib\staticfiles\utils.py first seen with mtime 1676314661.4281423
File C:\Users\Robo\AppData\Local\Programs\Python\Python311\Lib\site-packages\django\utils\timesince.py first seen with mtime 1676314661.861538
File C:\Users\Robo\AppData\Local\Programs\Python\Python311\Lib\site-packages\django\utils\connection.py first seen with mtime 1676314661.836515
File C:\Users\Robo\AppData\Local\Programs\Python\Python311\Lib\site-packages\django\utils\timezone.py first seen with mtime 1676314661.8625388
File C:\Users\Robo\AppData\Local\Programs\Python\Python311\Lib\site-packages\django\views\decorators\cache.py first seen with mtime 1676314661.8775527
File C:\Users\Robo\AppData\Local\Programs\Python\Python311\Lib\encodings\cp1252.py first seen with mtime 1680642250.0
File C:\Users\Robo\AppData\Local\Programs\Python\Python311\Lib\site-packages\django\core\files\uploadedfile.py first seen with mtime 1676314661.4701803
File C:\Users\Robo\AppData\Local\Programs\Python\Python311\Lib\site-packages\django\contrib\staticfiles\management\__init__.py first seen with mtime 1676314661.430143
File C:\Users\Robo\AppData\Local\Programs\Python\Python311\Lib\site-packages\django\db\migrations\operations\special.py first seen with mtime 1676314661.5822828
File C:\Users\Robo\AppData\Local\Programs\Python\Python311\Lib\nturl2path.py first seen with mtime 1680642250.0
File C:\Users\Robo\AppData\Local\Programs\Python\Python311\Lib\site-packages\django\core\cache\utils.py first seen with mtime 1676314661.444156
File C:\Users\Robo\AppData\Local\Programs\Python\Python311\Lib\asyncio\timeouts.py first seen with mtime 1680642250.0
File C:\Users\Robo\AppData\Local\Programs\Python\Python311\Lib\site-packages\django\db\models\indexes.py first seen with mtime 1676314661.5902903
File C:\Users\Robo\AppData\Local\Programs\Python\Python311\Lib\email\__init__.py first seen with mtime 1680642250.0
File C:\Users\Robo\AppData\Local\Programs\Python\Python311\Lib\site-packages\django\db\models\signals.py first seen with mtime 1676314661.5962949
File C:\Users\Robo\AppData\Local\Programs\Python\Python311\Lib\site-packages\django\utils\translation\trans_real.py first seen with mtime 1676314661.8705454
File C:\Users\Robo\AppData\Local\Programs\Python\Python311\Lib\bisect.py first seen with mtime 1680642250.0
File C:\Users\Robo\AppData\Local\Programs\Python\Python311\Lib\site-packages\sqlparse\filters\tokens.py first seen with mtime 1676314655.4977362
File C:\Users\Robo\AppData\Local\Programs\Python\Python311\Lib\email\_policybase.py first seen with mtime 1680642250.0
File C:\Users\Robo\AppData\Local\Programs\Python\Python311\Lib\site-packages\django\contrib\contenttypes\__init__.py first seen with mtime 1676314659.392286
File C:\Users\Robo\AppData\Local\Programs\Python\Python311\Lib\site-packages\django\middleware\cache.py first seen with mtime 1676314661.778462
File C:\Users\Robo\AppData\Local\Programs\Python\Python311\Lib\site-packages\django\template\backends\django.py first seen with mtime 1676314661.8004808
File C:\Users\Robo\AppData\Local\Programs\Python\Python311\Lib\site-packages\django\core\handlers\base.py first seen with mtime 1676314661.4741838
File C:\Users\Robo\AppData\Local\Programs\Python\Python311\Lib\site-packages\django\template\autoreload.py first seen with mtime 1676314661.7864692
File C:\Users\Robo\AppData\Local\Programs\Python\Python311\Lib\site-packages\django\conf\locale\__init__.py first seen with mtime 1676314657.9729922
File C:\Users\Robo\AppData\Local\Programs\Python\Python311\Lib\site-packages\django\db\backends\base\__init__.py first seen with mtime 1676314661.5252306
File C:\Users\Robo\AppData\Local\Programs\Python\Python311\Lib\inspect.py first seen with mtime 1680642250.0
File C:\Users\Robo\AppData\Local\Programs\Python\Python311\Lib\urllib\__init__.py first seen with mtime 1680642250.0
File C:\Users\Robo\AppData\Local\Programs\Python\Python311\Lib\site-packages\django\contrib\auth\checks.py first seen with mtime 1676314659.1640787
File C:\Users\Robo\AppData\Local\Programs\Python\Python311\DLLs\_socket.pyd first seen with mtime 1680642276.0
File C:\Users\Robo\AppData\Local\Programs\Python\Python311\Lib\site-packages\django\db\migrations\exceptions.py first seen with mtime 1676314661.5692706
File C:\Users\Robo\AppData\Local\Programs\Python\Python311\Lib\site-packages\django\db\backends\sqlite3\operations.py first seen with mtime 1676314661.5652678
File C:\Users\Robo\AppData\Local\Programs\Python\Python311\Lib\site-packages\django\utils\text.py first seen with mtime 1676314661.8605368
File C:\Users\Robo\AppData\Local\Programs\Python\Python311\Lib\site-packages\django\core\checks\files.py first seen with mtime 1676314661.4541664
File C:\Users\Robo\AppData\Local\Programs\Python\Python311\Lib\dataclasses.py first seen with mtime 1680642250.0
File C:\Users\Robo\AppData\Local\Programs\Python\Python311\Lib\wsgiref\simple_server.py first seen with mtime 1680642250.0
File C:\Users\Robo\AppData\Local\Programs\Python\Python311\Lib\email\generator.py first seen with mtime 1680642250.0
File C:\Users\Robo\AppData\Local\Programs\Python\Python311\Lib\site-packages\django\db\utils.py first seen with mtime 1676314661.521227
File C:\Users\Robo\AppData\Local\Programs\Python\Python311\Lib\site-packages\django\template\loaders\__init__.py first seen with mtime 1676314661.8044848
File C:\Users\Robo\AppData\Local\Programs\Python\Python311\Lib\site-packages\django\db\migrations\operations\models.py first seen with mtime 1676314661.581282
File C:\Users\Robo\Documents\madebyme\koulu\cyberSecurityBase23\project1\password_manager\views.py first seen with mtime 1685545944.4001937
File C:\Users\Robo\AppData\Local\Programs\Python\Python311\Lib\site-packages\django\template\__init__.py first seen with mtime 1676314661.7854688
File C:\Users\Robo\AppData\Local\Programs\Python\Python311\Lib\site-packages\django\views\static.py first seen with mtime 1676314661.8765514
File C:\Users\Robo\AppData\Local\Programs\Python\Python311\Lib\email\mime\nonmultipart.py first seen with mtime 1680642250.0
File C:\Users\Robo\AppData\Local\Programs\Python\Python311\DLLs\_zoneinfo.pyd first seen with mtime 1680642276.0
File C:\Users\Robo\AppData\Local\Programs\Python\Python311\Lib\email\errors.py first seen with mtime 1680642250.0
File C:\Users\Robo\AppData\Local\Programs\Python\Python311\Lib\site-packages\django\template\loader.py first seen with mtime 1676314661.7944765
File C:\Users\Robo\AppData\Local\Programs\Python\Python311\Lib\_compat_pickle.py first seen with mtime 1680642250.0
File C:\Users\Robo\AppData\Local\Programs\Python\Python311\Lib\site-packages\django\utils\termcolors.py first seen with mtime 1676314661.8595362
File C:\Users\Robo\AppData\Local\Programs\Python\Python311\Lib\queue.py first seen with mtime 1680642250.0
File C:\Users\Robo\AppData\Local\Programs\Python\Python311\Lib\site-packages\django\db\models\fields\proxy.py first seen with mtime 1676314661.6013005
File C:\Users\Robo\AppData\Local\Programs\Python\Python311\Lib\site-packages\django\core\checks\async_checks.py first seen with mtime 1676314661.4521644
File C:\Users\Robo\AppData\Local\Programs\Python\Python311\Lib\site-packages\django\views\generic\dates.py first seen with mtime 1676314661.8855608
File C:\Users\Robo\AppData\Local\Programs\Python\Python311\Lib\site-packages\django\http\__init__.py first seen with mtime 1676314661.7734568
File C:\Users\Robo\AppData\Local\Programs\Python\Python311\Lib\site-packages\django\template\loaders\filesystem.py first seen with mtime 1676314661.8074877
File C:\Users\Robo\AppData\Local\Programs\Python\Python311\Lib\_weakrefset.py first seen with mtime 1680642250.0
File C:\Users\Robo\AppData\Local\Programs\Python\Python311\Lib\site-packages\django\core\mail\message.py first seen with mtime 1676314661.4771867
File C:\Users\Robo\AppData\Local\Programs\Python\Python311\Lib\numbers.py first seen with mtime 1680642250.0
File C:\Users\Robo\AppData\Local\Programs\Python\Python311\Lib\site-packages\django\db\models\base.py first seen with mtime 1676314661.585286
File C:\Users\Robo\AppData\Local\Programs\Python\Python311\Lib\site-packages\django\utils\autoreload.py first seen with mtime 1676314661.8335128
File C:\Users\Robo\AppData\Local\Programs\Python\Python311\Lib\site-packages\django\core\management\__init__.py first seen with mtime 1676314661.485194
File C:\Users\Robo\AppData\Local\Programs\Python\Python311\Lib\random.py first seen with mtime 1680642250.0
File C:\Users\Robo\AppData\Local\Programs\Python\Python311\Lib\bz2.py first seen with mtime 1680642250.0
File C:\Users\Robo\AppData\Local\Programs\Python\Python311\Lib\email\headerregistry.py first seen with mtime 1680642250.0
File C:\Users\Robo\AppData\Local\Programs\Python\Python311\Lib\site-packages\django\contrib\admin\exceptions.py first seen with mtime 1676314658.3563423
File C:\Users\Robo\AppData\Local\Programs\Python\Python311\Lib\getpass.py first seen with mtime 1680642250.0
File C:\Users\Robo\AppData\Local\Programs\Python\Python311\Lib\email\mime\multipart.py first seen with mtime 1680642250.0
File C:\Users\Robo\AppData\Local\Programs\Python\Python311\Lib\site-packages\django\db\models\sql\constants.py first seen with mtime 1676314661.6213179
File C:\Users\Robo\AppData\Local\Programs\Python\Python311\Lib\site-packages\sqlparse\engine\__init__.py first seen with mtime 1676314655.4897292
File C:\Users\Robo\AppData\Local\Programs\Python\Python311\Lib\site-packages\django\utils\__init__.py first seen with mtime 1676314661.8295085
File C:\Users\Robo\AppData\Local\Programs\Python\Python311\Lib\site-packages\django\contrib\auth\forms.py first seen with mtime 1676314659.167081
File C:\Users\Robo\AppData\Local\Programs\Python\Python311\Lib\site-packages\django\core\cache\backends\locmem.py first seen with mtime 1676314661.4491615
File C:\Users\Robo\AppData\Local\Programs\Python\Python311\Lib\pprint.py first seen with mtime 1680642250.0
File C:\Users\Robo\AppData\Local\Programs\Python\Python311\Lib\site-packages\django\utils\functional.py first seen with mtime 1676314661.8475251
File C:\Users\Robo\AppData\Local\Programs\Python\Python311\Lib\site-packages\django\http\multipartparser.py first seen with mtime 1676314661.7744582
File C:\Users\Robo\Documents\madebyme\koulu\cyberSecurityBase23\project1\mysite\__init__.py first seen with mtime 1683889388.19583
File C:\Users\Robo\AppData\Local\Programs\Python\Python311\Lib\site-packages\django\contrib\contenttypes\admin.py first seen with mtime 1676314659.3932867
File C:\Users\Robo\AppData\Local\Programs\Python\Python311\Lib\site-packages\django\db\backends\base\introspection.py first seen with mtime 1676314661.5292344
File C:\Users\Robo\AppData\Local\Programs\Python\Python311\Lib\site-packages\django\db\models\fields\reverse_related.py first seen with mtime 1676314661.6093075
File C:\Users\Robo\AppData\Local\Programs\Python\Python311\Lib\site-packages\django\core\files\storage.py first seen with mtime 1676314661.4691794
File C:\Users\Robo\AppData\Local\Programs\Python\Python311\Lib\urllib\parse.py first seen with mtime 1680642250.0
File C:\Users\Robo\AppData\Local\Programs\Python\Python311\Lib\site-packages\django\contrib\sites\requests.py first seen with mtime 1676314661.2079408
File C:\Users\Robo\AppData\Local\Programs\Python\Python311\Lib\asyncio\mixins.py first seen with mtime 1680642250.0
File C:\Users\Robo\AppData\Local\Programs\Python\Python311\Lib\site-packages\django\db\models\query.py first seen with mtime 1676314661.5942934
File C:\Users\Robo\AppData\Local\Programs\Python\Python311\Lib\site-packages\django\contrib\sites\shortcuts.py first seen with mtime 1676314661.2089415
File C:\Users\Robo\AppData\Local\Programs\Python\Python311\Lib\email\mime\base.py first seen with mtime 1680642250.0
File C:\Users\Robo\AppData\Local\Programs\Python\Python311\Lib\gzip.py first seen with mtime 1680642250.0
File C:\Users\Robo\AppData\Local\Programs\Python\Python311\Lib\site-packages\sqlparse\lexer.py first seen with mtime 1676314655.4857254
File C:\Users\Robo\AppData\Local\Programs\Python\Python311\Lib\asyncio\log.py first seen with mtime 1680642250.0
File C:\Users\Robo\AppData\Local\Programs\Python\Python311\Lib\zoneinfo\_common.py first seen with mtime 1680642250.0
File C:\Users\Robo\AppData\Local\Programs\Python\Python311\Lib\site-packages\django\core\files\__init__.py first seen with mtime 1676314661.4651756
File C:\Users\Robo\AppData\Local\Programs\Python\Python311\Lib\site-packages\django\core\files\images.py first seen with mtime 1676314661.4661772
File C:\Users\Robo\AppData\Local\Programs\Python\Python311\Lib\multiprocessing\reduction.py first seen with mtime 1680642250.0
File C:\Users\Robo\AppData\Local\Programs\Python\Python311\Lib\site-packages\django\db\backends\utils.py first seen with mtime 1676314661.5242298
File C:\Users\Robo\AppData\Local\Programs\Python\Python311\Lib\site-packages\django\core\checks\model_checks.py first seen with mtime 1676314661.456168
File C:\Users\Robo\AppData\Local\Programs\Python\Python311\Lib\hashlib.py first seen with mtime 1680642250.0
File C:\Users\Robo\AppData\Local\Programs\Python\Python311\Lib\http\client.py first seen with mtime 1680642250.0
File C:\Users\Robo\AppData\Local\Programs\Python\Python311\Lib\collections\__init__.py first seen with mtime 1680642250.0
File C:\Users\Robo\AppData\Local\Programs\Python\Python311\Lib\multiprocessing\context.py first seen with mtime 1680642250.0
File C:\Users\Robo\AppData\Local\Programs\Python\Python311\Lib\site-packages\django\contrib\admin\decorators.py first seen with mtime 1676314658.3563423
File C:\Users\Robo\AppData\Local\Programs\Python\Python311\Lib\site-packages\django\urls\utils.py first seen with mtime 1676314661.8285077
File C:\Users\Robo\AppData\Local\Programs\Python\Python311\DLLs\_ctypes.pyd first seen with mtime 1680642276.0
File C:\Users\Robo\AppData\Local\Programs\Python\Python311\Lib\asyncio\constants.py first seen with mtime 1680642250.0
File C:\Users\Robo\AppData\Local\Programs\Python\Python311\Lib\site-packages\sqlparse\sql.py first seen with mtime 1676314655.4867265
File C:\Users\Robo\AppData\Local\Programs\Python\Python311\Lib\_compression.py first seen with mtime 1680642250.0
File C:\Users\Robo\AppData\Local\Programs\Python\Python311\Lib\site-packages\django\contrib\sessions\__init__.py first seen with mtime 1676314660.9737284
File C:\Users\Robo\AppData\Local\Programs\Python\Python311\Lib\site-packages\django\core\checks\security\base.py first seen with mtime 1676314661.462173
File C:\Users\Robo\AppData\Local\Programs\Python\Python311\Lib\warnings.py first seen with mtime 1680642250.0
File C:\Users\Robo\AppData\Local\Programs\Python\Python311\Lib\site-packages\django\db\backends\sqlite3\base.py first seen with mtime 1676314661.561263
File C:\Users\Robo\AppData\Local\Programs\Python\Python311\Lib\site-packages\django\core\checks\compatibility\__init__.py first seen with mtime 1676314661.4601715
File C:\Users\Robo\AppData\Local\Programs\Python\Python311\Lib\reprlib.py first seen with mtime 1680642250.0
File C:\Users\Robo\AppData\Local\Programs\Python\Python311\Lib\site-packages\django\utils\numberformat.py first seen with mtime 1676314661.8565338
File C:\Users\Robo\AppData\Local\Programs\Python\Python311\Lib\site-packages\django\contrib\admin\models.py first seen with mtime 1676314658.3603456
File C:\Users\Robo\AppData\Local\Programs\Python\Python311\Lib\site-packages\django\contrib\auth\__init__.py first seen with mtime 1676314659.1590736
File C:\Users\Robo\AppData\Local\Programs\Python\Python311\Lib\site-packages\django\core\checks\security\csrf.py first seen with mtime 1676314661.4631739
File C:\Users\Robo\AppData\Local\Programs\Python\Python311\Lib\site-packages\django\template\library.py first seen with mtime 1676314661.7944765
File C:\Users\Robo\AppData\Local\Programs\Python\Python311\Lib\site-packages\django\contrib\messages\constants.py first seen with mtime 1676314660.5743632
File C:\Users\Robo\AppData\Local\Programs\Python\Python311\Lib\site-packages\win32\lib\pywin32_bootstrap.py first seen with mtime 1684331657.1215863
File C:\Users\Robo\AppData\Local\Programs\Python\Python311\Lib\site-packages\django\db\models\functions\mixins.py first seen with mtime 1676314661.6163135
File C:\Users\Robo\AppData\Local\Programs\Python\Python311\Lib\struct.py first seen with mtime 1680642250.0
File C:\Users\Robo\AppData\Local\Programs\Python\Python311\Lib\site-packages\django\contrib\admin\templatetags\admin_list.py first seen with mtime 1676314658.922859
File C:\Users\Robo\AppData\Local\Programs\Python\Python311\Lib\site-packages\django\core\mail\__init__.py first seen with mtime 1676314661.4771867
File C:\Users\Robo\AppData\Local\Programs\Python\Python311\Lib\asyncio\coroutines.py first seen with mtime 1680642250.0
File C:\Users\Robo\AppData\Local\Programs\Python\Python311\Lib\site-packages\django\db\backends\sqlite3\features.py first seen with mtime 1676314661.5642664
File C:\Users\Robo\AppData\Local\Programs\Python\Python311\Lib\site-packages\django\core\handlers\__init__.py first seen with mtime 1676314661.4721825
File C:\Users\Robo\AppData\Local\Programs\Python\Python311\DLLs\_hashlib.pyd first seen with mtime 1680642276.0
File C:\Users\Robo\AppData\Local\Programs\Python\Python311\Lib\site-packages\django\contrib\messages\__init__.py first seen with mtime 1676314660.5723615
File C:\Users\Robo\AppData\Local\Programs\Python\Python311\Lib\_markupbase.py first seen with mtime 1680642250.0
File C:\Users\Robo\AppData\Local\Programs\Python\Python311\Lib\opcode.py first seen with mtime 1680642250.0
File C:\Users\Robo\AppData\Local\Programs\Python\Python311\Lib\site-packages\django\contrib\admin\views\main.py first seen with mtime 1676314658.9288638
File C:\Users\Robo\AppData\Local\Programs\Python\Python311\Lib\site-packages\django\utils\dateformat.py first seen with mtime 1676314661.8395178
File C:\Users\Robo\AppData\Local\Programs\Python\Python311\Lib\email\encoders.py first seen with mtime 1680642250.0
File C:\Users\Robo\AppData\Local\Programs\Python\Python311\Lib\json\decoder.py first seen with mtime 1680642250.0
File C:\Users\Robo\AppData\Local\Programs\Python\Python311\Lib\site-packages\sqlparse\filters\output.py first seen with mtime 1676314655.4947336
File C:\Users\Robo\AppData\Local\Programs\Python\Python311\Lib\site-packages\django\views\defaults.py first seen with mtime 1676314661.87455
File C:\Users\Robo\AppData\Local\Programs\Python\Python311\Lib\site-packages\django\core\checks\caches.py first seen with mtime 1676314661.4531653
File C:\Users\Robo\Documents\madebyme\koulu\cyberSecurityBase23\project1\password_manager\templates\password_manager first seen with mtime 1685436262.6772006
File C:\Users\Robo\Documents\madebyme\koulu\cyberSecurityBase23\project1\password_manager\templates\password_manager\account_creation.html first seen with mtime 1685029330.2034895
File C:\Users\Robo\Documents\madebyme\koulu\cyberSecurityBase23\project1\password_manager\templates\password_manager\login.html first seen with mtime 1685029760.3094363
File C:\Users\Robo\Documents\madebyme\koulu\cyberSecurityBase23\project1\password_manager\templates\password_manager\password_confirm_delete.html first seen with mtime 1685437669.7907276
File C:\Users\Robo\Documents\madebyme\koulu\cyberSecurityBase23\project1\password_manager\templates\password_manager\password_creation.html first seen with mtime 1685026719.8358195
File C:\Users\Robo\Documents\madebyme\koulu\cyberSecurityBase23\project1\password_manager\templates\password_manager\password_details.html first seen with mtime 1685026753.4780114
File C:\Users\Robo\Documents\madebyme\koulu\cyberSecurityBase23\project1\password_manager\templates\password_manager\password_list.html first seen with mtime 1685028240.5074291
File C:\Users\Robo\AppData\Local\Programs\Python\Python311\Lib\site-packages\django\contrib\contenttypes\migrations\0001_initial.py first seen with mtime 1676314659.598474
File C:\Users\Robo\AppData\Local\Programs\Python\Python311\Lib\site-packages\django\contrib\auth\migrations\0010_alter_group_name_max_length.py first seen with mtime 1676314659.3872814
File C:\Users\Robo\AppData\Local\Programs\Python\Python311\Lib\site-packages\django\contrib\auth\migrations\0001_initial.py first seen with mtime 1676314659.3802745
File C:\Users\Robo\AppData\Local\Programs\Python\Python311\Lib\site-packages\django\db\migrations\loader.py first seen with mtime 1676314661.5712724
File C:\Users\Robo\AppData\Local\Programs\Python\Python311\Lib\site-packages\django\contrib\auth\migrations\0005_alter_user_last_login_null.py first seen with mtime 1676314659.383278
File C:\Users\Robo\AppData\Local\Programs\Python\Python311\Lib\stringprep.py first seen with mtime 1680642250.0
File C:\Users\Robo\AppData\Local\Programs\Python\Python311\Lib\site-packages\django\middleware\clickjacking.py first seen with mtime 1676314661.7794623
File C:\Users\Robo\AppData\Local\Programs\Python\Python311\Lib\site-packages\django\contrib\auth\migrations\0009_alter_user_last_name_max_length.py first seen with mtime 1676314659.38628
File C:\Users\Robo\AppData\Local\Programs\Python\Python311\Lib\site-packages\django\contrib\admin\migrations\0001_initial.py first seen with mtime 1676314658.7637124
File C:\Users\Robo\AppData\Local\Programs\Python\Python311\Lib\site-packages\django\db\migrations\executor.py first seen with mtime 1676314661.5702715
File C:\Users\Robo\AppData\Local\Programs\Python\Python311\Lib\site-packages\django\contrib\auth\migrations\0003_alter_user_email_max_length.py first seen with mtime 1676314659.3822765
File C:\Users\Robo\AppData\Local\Programs\Python\Python311\Lib\site-packages\django\contrib\sessions\migrations\__init__.py first seen with mtime 1676314661.1939278
File C:\Users\Robo\AppData\Local\Programs\Python\Python311\Lib\site-packages\django\contrib\admin\migrations\0003_logentry_add_action_flag_choices.py first seen with mtime 1676314658.7657142
File C:\Users\Robo\AppData\Local\Programs\Python\Python311\Lib\site-packages\django\db\migrations\recorder.py first seen with mtime 1676314661.5752769
File C:\Users\Robo\AppData\Local\Programs\Python\Python311\Lib\site-packages\django\contrib\sessions\migrations\0001_initial.py first seen with mtime 1676314661.1939278
File C:\Users\Robo\AppData\Local\Programs\Python\Python311\Lib\site-packages\django\contrib\auth\migrations\__init__.py first seen with mtime 1676314659.3892837
File C:\Users\Robo\AppData\Local\Programs\Python\Python311\Lib\site-packages\django\contrib\auth\migrations\0002_alter_permission_name_max_length.py first seen with mtime 1676314659.3812761
File C:\Users\Robo\AppData\Local\Programs\Python\Python311\Lib\site-packages\django\contrib\admin\migrations\0002_logentry_remove_auto_add.py first seen with mtime 1676314658.7647133
File C:\Users\Robo\AppData\Local\Programs\Python\Python311\Lib\site-packages\django\contrib\auth\migrations\0004_alter_user_username_opts.py first seen with mtime 1676314659.383278
File C:\Users\Robo\AppData\Local\Programs\Python\Python311\Lib\site-packages\django\db\models\sql\compiler.py first seen with mtime 1676314661.6203172
File C:\Users\Robo\AppData\Local\Programs\Python\Python311\Lib\site-packages\django\contrib\auth\migrations\0011_update_proxy_permissions.py first seen with mtime 1676314659.3882823
File C:\Users\Robo\AppData\Local\Programs\Python\Python311\Lib\site-packages\django\contrib\admin\migrations\__init__.py first seen with mtime 1676314658.7657142
File C:\Users\Robo\AppData\Local\Programs\Python\Python311\Lib\site-packages\django\contrib\auth\migrations\0008_alter_user_username_max_length.py first seen with mtime 1676314659.3852797
File C:\Users\Robo\Documents\madebyme\koulu\cyberSecurityBase23\project1\password_manager\migrations\__init__.py first seen with mtime 1685028366.0209901
File C:\Users\Robo\AppData\Local\Programs\Python\Python311\Lib\site-packages\django\contrib\auth\migrations\0007_alter_validators_add_error_messages.py first seen with mtime 1676314659.3852797
File C:\Users\Robo\AppData\Local\Programs\Python\Python311\Lib\site-packages\django\contrib\contenttypes\migrations\__init__.py first seen with mtime 1676314659.6004758
File C:\Users\Robo\AppData\Local\Programs\Python\Python311\Lib\encodings\idna.py first seen with mtime 1680642250.0
File C:\Users\Robo\AppData\Local\Programs\Python\Python311\Lib\site-packages\django\contrib\contenttypes\migrations\0002_remove_content_type_name.py first seen with mtime 1676314659.5994751
File C:\Users\Robo\AppData\Local\Programs\Python\Python311\Lib\site-packages\django\contrib\auth\migrations\0006_require_contenttypes_0002.py first seen with mtime 1676314659.3842788
File C:\Users\Robo\AppData\Local\Programs\Python\Python311\Lib\site-packages\django\contrib\sessions\backends\db.py first seen with mtime 1676314660.9827397
File C:\Users\Robo\AppData\Local\Programs\Python\Python311\Lib\site-packages\django\db\migrations\graph.py first seen with mtime 1676314661.5712724
File C:\Users\Robo\Documents\madebyme\koulu\cyberSecurityBase23\project1\mysite\wsgi.py first seen with mtime 1683889388.1948292
File C:\Users\Robo\AppData\Local\Programs\Python\Python311\Lib\site-packages\django\contrib\auth\migrations\0012_alter_user_first_name_max_length.py first seen with mtime 1676314659.3882823
File C:\Users\Robo\Documents\madebyme\koulu\cyberSecurityBase23\project1\password_manager\migrations\0001_initial.py first seen with mtime 1685028366.0239925
(0.000) SELECT "django_session"."session_key", "django_session"."session_data", "django_session"."expire_date" FROM "django_session" WHERE ("django_session"."expire_date" > '2023-05-31 16:59:23.583251' AND "django_session"."session_key" = 'y7lhcdday2kahiotb1jqzffyovnh0fz5') LIMIT 21; args=('2023-05-31 16:59:23.583251', 'y7lhcdday2kahiotb1jqzffyovnh0fz5'); alias=default
(0.000) SELECT "auth_user"."id", "auth_user"."password", "auth_user"."last_login", "auth_user"."is_superuser", "auth_user"."username", "auth_user"."first_name", "auth_user"."last_name", "auth_user"."email", "auth_user"."is_staff", "auth_user"."is_active", "auth_user"."date_joined" FROM "auth_user" WHERE "auth_user"."id" = 2 LIMIT 21; args=(2,); alias=default
(0.000) SELECT "password_manager_listablepassword"."id", "password_manager_listablepassword"."user_id", "password_manager_listablepassword"."password", "password_manager_listablepassword"."web_address" FROM "password_manager_listablepassword" WHERE "password_manager_listablepassword"."user_id" = 2; args=(2,); alias=default
"GET / HTTP/1.1" 200 269
Exception while resolving variable 'name' in template 'unknown'.
Traceback (most recent call last):
  File "C:\Users\Robo\AppData\Local\Programs\Python\Python311\Lib\site-packages\django\core\handlers\exception.py", line 55, in inner
    response = get_response(request)
               ^^^^^^^^^^^^^^^^^^^^^
  File "C:\Users\Robo\AppData\Local\Programs\Python\Python311\Lib\site-packages\django\core\handlers\base.py", line 181, in _get_response
    callback, callback_args, callback_kwargs = self.resolve_request(request)
                                               ^^^^^^^^^^^^^^^^^^^^^^^^^^^^^
  File "C:\Users\Robo\AppData\Local\Programs\Python\Python311\Lib\site-packages\django\core\handlers\base.py", line 313, in resolve_request
    resolver_match = resolver.resolve(request.path_info)
                     ^^^^^^^^^^^^^^^^^^^^^^^^^^^^^^^^^^^
  File "C:\Users\Robo\AppData\Local\Programs\Python\Python311\Lib\site-packages\django\urls\resolvers.py", line 702, in resolve
    raise Resolver404({"tried": tried, "path": new_path})
django.urls.exceptions.Resolver404: {'tried': [[<URLResolver <module 'password_manager.urls' from 'C:\\Users\\Robo\\Documents\\madebyme\\koulu\\cyberSecurityBase23\\project1\\password_manager\\urls.py'> (None:None) ''>, <URLPattern 'login/' [name='login']>], [<URLResolver <module 'password_manager.urls' from 'C:\\Users\\Robo\\Documents\\madebyme\\koulu\\cyberSecurityBase23\\project1\\password_manager\\urls.py'> (None:None) ''>, <URLPattern 'logout/' [name='logout']>], [<URLResolver <module 'password_manager.urls' from 'C:\\Users\\Robo\\Documents\\madebyme\\koulu\\cyberSecurityBase23\\project1\\password_manager\\urls.py'> (None:None) ''>, <URLPattern 'account_creation/' [name='account_creation']>], [<URLResolver <module 'password_manager.urls' from 'C:\\Users\\Robo\\Documents\\madebyme\\koulu\\cyberSecurityBase23\\project1\\password_manager\\urls.py'> (None:None) ''>, <URLPattern '' [name='password_list']>], [<URLResolver <module 'password_manager.urls' from 'C:\\Users\\Robo\\Documents\\madebyme\\koulu\\cyberSecurityBase23\\project1\\password_manager\\urls.py'> (None:None) ''>, <URLPattern 'password/<int:pk>/' [name='password']>], [<URLResolver <module 'password_manager.urls' from 'C:\\Users\\Robo\\Documents\\madebyme\\koulu\\cyberSecurityBase23\\project1\\password_manager\\urls.py'> (None:None) ''>, <URLPattern 'password-creation/' [name='password-creation']>], [<URLResolver <module 'password_manager.urls' from 'C:\\Users\\Robo\\Documents\\madebyme\\koulu\\cyberSecurityBase23\\project1\\password_manager\\urls.py'> (None:None) ''>, <URLPattern 'password-updating/<int:pk>/' [name='password-updating']>], [<URLResolver <module 'password_manager.urls' from 'C:\\Users\\Robo\\Documents\\madebyme\\koulu\\cyberSecurityBase23\\project1\\password_manager\\urls.py'> (None:None) ''>, <URLPattern 'password-deletion/<int:pk>/' [name='password-deletion']>], [<URLResolver <URLPattern list> (admin:admin) 'admin/'>]], 'path': 'favicon.ico'}

During handling of the above exception, another exception occurred:

Traceback (most recent call last):
  File "C:\Users\Robo\AppData\Local\Programs\Python\Python311\Lib\site-packages\django\template\base.py", line 880, in _resolve_lookup
    current = current[bit]
              ~~~~~~~^^^^^
TypeError: 'URLResolver' object is not subscriptable

During handling of the above exception, another exception occurred:

Traceback (most recent call last):
  File "C:\Users\Robo\AppData\Local\Programs\Python\Python311\Lib\site-packages\django\template\base.py", line 890, in _resolve_lookup
    current = getattr(current, bit)
              ^^^^^^^^^^^^^^^^^^^^^
AttributeError: 'URLResolver' object has no attribute 'name'

During handling of the above exception, another exception occurred:

Traceback (most recent call last):
  File "C:\Users\Robo\AppData\Local\Programs\Python\Python311\Lib\site-packages\django\template\base.py", line 896, in _resolve_lookup
    current = current[int(bit)]
                      ^^^^^^^^
ValueError: invalid literal for int() with base 10: 'name'

During handling of the above exception, another exception occurred:

Traceback (most recent call last):
  File "C:\Users\Robo\AppData\Local\Programs\Python\Python311\Lib\site-packages\django\template\base.py", line 903, in _resolve_lookup
    raise VariableDoesNotExist(
django.template.base.VariableDoesNotExist: Failed lookup for key [name] in <URLResolver <URLPattern list> (admin:admin) 'admin/'>
Not Found: /favicon.ico
"GET /favicon.ico HTTP/1.1" 404 3595
File C:\Users\Robo\AppData\Local\Programs\Python\Python311\Lib\site-packages\django\contrib\auth\context_processors.py first seen with mtime 1676314659.1650794
File C:\Users\Robo\AppData\Local\Programs\Python\Python311\Lib\site-packages\django\contrib\messages\context_processors.py first seen with mtime 1676314660.575364
File C:\Users\Robo\AppData\Local\Programs\Python\Python311\Lib\site-packages\django\contrib\sessions\serializers.py first seen with mtime 1676314660.978732
File C:\Users\Robo\AppData\Local\Programs\Python\Python311\Lib\site-packages\django\contrib\messages\storage\cookie.py first seen with mtime 1676314660.5803685
File C:\Users\Robo\AppData\Local\Programs\Python\Python311\Lib\site-packages\django\contrib\messages\storage\session.py first seen with mtime 1676314660.58137
File C:\Users\Robo\AppData\Local\Programs\Python\Python311\Lib\site-packages\django\contrib\messages\storage\fallback.py first seen with mtime 1676314660.5803685
File C:\Users\Robo\AppData\Local\Programs\Python\Python311\Lib\site-packages\django\template\context_processors.py first seen with mtime 1676314661.788471
